<?xml version="1.0" encoding="UTF-8"?>
<!-- Generated by org.testng.reporters.JUnitReportReporter -->
<testsuite hostname="DESKTOP-4KIL7BA" name="nets.mobile.testscripts.TestClassNative" tests="1" failures="0" timestamp="10 Oct 2021 12:48:19 GMT" time="18.894" errors="0">
  <testcase name="loginNetsAPP" time="18.894" classname="nets.mobile.testscripts.TestClassNative"/>
</testsuite> <!-- nets.mobile.testscripts.TestClassNative -->
